<?xml version="1.0" encoding="UTF-8"?>
<!-- Generated by org.testng.reporters.JUnitReportReporter -->
<testsuite hostname="C44HWCQ1CN" failures="0" tests="4" name="ElementsTests" time="30.319" errors="0" timestamp="2022-12-27T20:27:34 MST" skipped="0">
  <testcase classname="ElementsTests" name="FindLaptops" time="8.330"/>
  <system-out/>
  <testcase classname="ElementsTests" name="TestURLisCorrect" time="6.862"/>
  <system-out/>
  <testcase classname="ElementsTests" name="FindPhones" time="7.686"/>
  <system-out/>
  <testcase classname="ElementsTests" name="FindMonitors" time="7.441"/>
  <system-out/>
</testsuite> <!-- ElementsTests -->
